<?xml version="1.0" encoding="UTF-8"?>
<!-- Generated by org.testng.reporters.JUnitReportReporter -->
<testsuite hostname="DESKTOP-BNE3700" failures="0" tests="2" name="testCases.TC102_LoginTest" time="10.389" errors="0" timestamp="2024-12-30T16:36:47 IST" skipped="0">
  <testcase classname="testCases.TC102_LoginTest" name="testValidLoginPage" time="7.113"/>
  <testcase classname="testCases.TC102_LoginTest" name="testInvalidLogin" time="3.276"/>
</testsuite> <!-- testCases.TC102_LoginTest -->
