<?xml version="1.0" encoding="UTF-8"?>
<!-- Generated by org.testng.reporters.JUnitReportReporter -->
<testsuite hostname="DESKTOP-BNE3700" failures="0" tests="2" name="testCases.TC105_ContactEditingTest" time="29.402" errors="0" timestamp="2024-12-30T16:36:47 IST" skipped="0">
  <testcase classname="testCases.TC105_ContactEditingTest" name="testContactsEditing" time="19.677"/>
  <testcase classname="testCases.TC105_ContactEditingTest" name="TestEmptyfields" time="9.725"/>
</testsuite> <!-- testCases.TC105_ContactEditingTest -->
