<?xml version="1.0" encoding="UTF-8"?>
<!-- Generated by org.testng.reporters.JUnitReportReporter -->
<testsuite hostname="DESKTOP-BNE3700" failures="0" tests="1" name="testCases.TC101_SignUpTest" time="4.097" errors="0" timestamp="2024-12-30T16:36:47 IST" skipped="0">
  <testcase classname="testCases.TC101_SignUpTest" name="testSignUpRedirection" time="4.097"/>
</testsuite> <!-- testCases.TC101_SignUpTest -->
