<?xml version="1.0" encoding="UTF-8"?>
<!-- Generated by org.testng.reporters.JUnitReportReporter -->
<testsuite hostname="DESKTOP-BNE3700" failures="0" tests="1" name="testCases.TC106_ContactDeleteTest" time="12.956" errors="0" timestamp="2024-12-30T16:36:47 IST" skipped="0">
  <testcase classname="testCases.TC106_ContactDeleteTest" name="testContactDelete" time="12.956"/>
</testsuite> <!-- testCases.TC106_ContactDeleteTest -->
