<?xml version="1.0" encoding="UTF-8"?>
<!-- Generated by org.testng.reporters.JUnitReportReporter -->
<testsuite hostname="DESKTOP-BNE3700" failures="0" tests="1" name="testCases.TC107_LogoutTest" time="6.863" errors="0" timestamp="2024-12-30T16:36:47 IST" skipped="0">
  <testcase classname="testCases.TC107_LogoutTest" name="testLogout" time="6.863"/>
</testsuite> <!-- testCases.TC107_LogoutTest -->
